<?xml version="1.0" encoding="UTF-8"?>
<!-- Generated by org.testng.reporters.JUnitReportReporter -->
<testsuite hostname="DESKTOP-KUNQNB9" failures="0" tests="1" name="maven1TestNG.NewTest1" time="25.825" errors="0" timestamp="2022-07-06T18:45:36 IST" skipped="0">
  <testcase classname="maven1TestNG.NewTest1" name="f" time="25.825"/>
  <system-out/>
</testsuite> <!-- maven1TestNG.NewTest1 -->
